<?xml version="1.0" encoding="UTF-8"?>
<!-- Generated by org.testng.reporters.JUnitXMLReporter -->
<testsuite ignored="0" hostname="Shivang" failures="0" tests="3" name="UPC Scrape Parallel" time="181.13" errors="0" timestamp="2026-02-19T01:20:02 IST">
  <testcase classname="framework.tests.UPCAddToCartParallelTest" name="processBatch" time="169.133"/>
  <testcase classname="framework.tests.UPCAddToCartParallelTest" name="processBatch" time="180.353"/>
  <testcase classname="framework.tests.UPCAddToCartParallelTest" name="processBatch" time="180.937"/>
</testsuite> <!-- UPC Scrape Parallel -->
