<?xml version="1.0" encoding="UTF-8"?>
<testng-results ignored="0" total="1" passed="1" failed="0" skipped="0">
  <reporter-output>
  </reporter-output>
  <suite started-at="2026-02-19T09:55:42 IST" name="Default suite" finished-at="2026-02-19T09:58:31 IST" duration-ms="169042">
    <groups>
    </groups>
    <test started-at="2026-02-19T09:55:42 IST" name="Default test" finished-at="2026-02-19T09:58:31 IST" duration-ms="169042">
      <class name="framework.tests.UPCAddToCartBatchTest">
        <test-method signature="processAllUpcs(org.testng.ITestContext)[pri:0, instance:framework.tests.UPCAddToCartBatchTest@10683d9d]" started-at="2026-02-19T09:55:42 IST" name="processAllUpcs" finished-at="2026-02-19T09:58:31 IST" duration-ms="168857" status="PASS">
          <params>
            <param index="0">
              <value>
                <![CDATA[org.testng.TestRunner@732d0d24]]>
              </value>
            </param>
          </params>
          <reporter-output>
          </reporter-output>
        </test-method> <!-- processAllUpcs -->
      </class> <!-- framework.tests.UPCAddToCartBatchTest -->
    </test> <!-- Default test -->
  </suite> <!-- Default suite -->
</testng-results>
