<?xml version="1.0" encoding="UTF-8"?>
<!-- Generated by org.testng.reporters.JUnitReportReporter -->
<testsuite hostname="Shivang" failures="0" tests="3" name="framework.tests.UPCAddToCartParallelTest" time="530.423" errors="0" timestamp="2026-02-19T01:20:03 IST" skipped="0">
  <testcase classname="framework.tests.UPCAddToCartParallelTest" name="processBatch" time="180.937"/>
  <testcase classname="framework.tests.UPCAddToCartParallelTest" name="processBatch" time="169.133"/>
  <testcase classname="framework.tests.UPCAddToCartParallelTest" name="processBatch" time="180.353"/>
</testsuite> <!-- framework.tests.UPCAddToCartParallelTest -->
